TN:
SF:script/Deploy.s.sol
DA:9,0
FN:9,DeployBASEBIT.run
FNDA:0,DeployBASEBIT.run
DA:10,0
DA:11,0
DA:13,0
DA:16,0
DA:17,0
DA:20,0
DA:21,0
DA:24,0
DA:25,0
DA:27,0
DA:29,0
DA:30,0
DA:31,0
DA:32,0
DA:33,0
DA:34,0
FNF:1
FNH:0
LF:17
LH:0
BRF:0
BRH:0
end_of_record
TN:
SF:src/core/MatchEscrow.sol
DA:60,12
FN:60,MatchEscrow.constructor
FNDA:12,MatchEscrow.constructor
DA:61,12
BRDA:61,0,0,-
BRDA:61,0,1,12
DA:62,12
DA:65,266
FN:65,MatchEscrow.createMatch
FNDA:266,MatchEscrow.createMatch
DA:66,266
BRDA:66,1,0,-
BRDA:66,1,1,266
DA:67,266
BRDA:67,2,0,-
BRDA:67,2,1,266
DA:69,266
BRDA:69,3,0,-
BRDA:69,3,1,266
DA:71,266
DA:73,266
DA:87,266
DA:93,0
FN:93,MatchEscrow.cancelMatch
FNDA:0,MatchEscrow.cancelMatch
DA:94,0
DA:95,0
BRDA:95,4,0,-
BRDA:95,4,1,-
DA:96,0
BRDA:96,5,0,-
BRDA:96,5,1,-
DA:98,0
DA:99,0
DA:101,0
DA:104,265
FN:104,MatchEscrow.joinMatch
FNDA:265,MatchEscrow.joinMatch
DA:105,265
DA:106,265
BRDA:106,6,0,1
BRDA:106,6,1,264
DA:107,264
BRDA:107,7,0,-
BRDA:107,7,1,264
DA:108,264
BRDA:108,8,0,-
BRDA:108,8,1,264
DA:110,264
DA:111,264
DA:112,264
DA:114,264
DA:115,264
DA:118,20
FN:118,MatchEscrow.commitMove
FNDA:20,MatchEscrow.commitMove
DA:119,20
DA:120,20
BRDA:120,9,0,-
BRDA:120,9,1,20
DA:121,20
BRDA:121,10,0,-
BRDA:121,10,1,20
DA:123,20
BRDA:123,11,0,-
BRDA:123,11,1,20
DA:124,20
BRDA:124,12,0,-
BRDA:124,12,1,20
DA:126,20
DA:127,20
BRDA:127,13,0,-
BRDA:127,13,1,20
DA:129,20
DA:131,20
DA:134,20
DA:135,20
BRDA:135,14,0,9
DA:136,9
DA:137,9
DA:141,18
FN:141,MatchEscrow.revealMove
FNDA:18,MatchEscrow.revealMove
DA:142,18
DA:143,18
BRDA:143,15,0,-
BRDA:143,15,1,18
DA:144,18
BRDA:144,16,0,1
BRDA:144,16,1,17
DA:146,17
BRDA:146,17,0,-
BRDA:146,17,1,17
DA:147,17
BRDA:147,18,0,-
BRDA:147,18,1,17
DA:149,17
DA:150,17
BRDA:150,19,0,-
BRDA:150,19,1,17
DA:152,17
DA:153,17
BRDA:153,20,0,-
BRDA:153,20,1,17
DA:155,17
BRDA:155,21,0,-
BRDA:155,21,1,17
DA:157,17
DA:158,17
DA:159,17
DA:161,17
DA:164,17
DA:165,8
BRDA:165,22,0,8
DA:166,8
DA:170,8
FN:170,MatchEscrow._resolveRound
FNDA:8,MatchEscrow._resolveRound
DA:171,8
DA:172,8
DA:174,8
DA:179,8
BRDA:179,23,0,2
BRDA:179,23,1,6
DA:180,2
DA:181,6
BRDA:181,24,0,1
DA:182,1
DA:186,8
DA:189,8
BRDA:189,25,0,2
BRDA:189,25,1,6
DA:190,2
DA:192,6
DA:193,6
DA:194,6
DA:195,6
DA:199,2
FN:199,MatchEscrow.claimTimeout
FNDA:2,MatchEscrow.claimTimeout
DA:200,2
DA:201,2
BRDA:201,26,0,-
BRDA:201,26,1,2
DA:203,2
DA:204,2
BRDA:204,27,0,2
BRDA:204,27,1,-
DA:205,2
DA:206,0
BRDA:206,28,0,-
BRDA:206,28,1,-
DA:207,0
DA:209,0
DA:212,2
BRDA:212,29,0,1
BRDA:212,29,1,1
DA:213,1
BRDA:213,30,0,-
BRDA:213,30,1,1
DA:214,1
BRDA:214,31,0,-
BRDA:214,31,1,1
DA:215,1
BRDA:215,32,0,-
BRDA:215,32,1,1
DA:217,1
BRDA:217,33,0,-
BRDA:217,33,1,1
DA:218,1
BRDA:218,34,0,-
BRDA:218,34,1,1
DA:219,1
BRDA:219,35,0,-
BRDA:219,35,1,1
DA:222,2
DA:225,2
BRDA:225,36,0,2
BRDA:225,36,1,-
DA:226,2
DA:228,0
DA:230,2
DA:237,0
FN:237,MatchEscrow.mutualTimeout
FNDA:0,MatchEscrow.mutualTimeout
DA:238,0
DA:239,0
BRDA:239,37,0,-
BRDA:239,37,1,-
DA:241,0
DA:242,0
DA:243,0
DA:244,0
DA:246,0
DA:247,0
DA:248,0
DA:249,0
DA:251,0
BRDA:251,38,0,-
BRDA:251,38,1,-
DA:253,0
DA:256,0
DA:257,0
DA:258,0
DA:259,0
DA:261,0
DA:262,0
DA:263,0
DA:265,0
DA:268,4
FN:268,MatchEscrow._settleMatch
FNDA:4,MatchEscrow._settleMatch
DA:269,4
DA:270,4
DA:272,4
DA:273,4
BRDA:273,39,0,3
BRDA:273,39,1,1
DA:274,3
DA:275,1
BRDA:275,40,0,-
BRDA:275,40,1,1
DA:276,0
DA:280,1
DA:281,1
DA:282,1
DA:283,1
DA:286,3
DA:287,3
DA:288,3
DA:291,3
DA:292,3
BRDA:292,41,0,-
BRDA:292,41,1,3
DA:295,3
DA:297,3
DA:300,1
FN:300,MatchEscrow.setTreasury
FNDA:1,MatchEscrow.setTreasury
DA:302,1
BRDA:302,42,0,-
BRDA:302,42,1,1
DA:303,1
DA:306,0
FN:306,MatchEscrow.pause
FNDA:0,MatchEscrow.pause
DA:307,0
DA:310,0
FN:310,MatchEscrow.unpause
FNDA:0,MatchEscrow.unpause
DA:311,0
DA:318,12
FN:318,MatchEscrow.approveGameLogic
FNDA:12,MatchEscrow.approveGameLogic
DA:319,12
BRDA:319,43,0,-
BRDA:319,43,1,12
DA:320,12
DA:321,12
DA:327,0
FN:327,MatchEscrow.getMatch
FNDA:0,MatchEscrow.getMatch
DA:328,0
DA:334,0
FN:334,MatchEscrow.getRoundStatus
FNDA:0,MatchEscrow.getRoundStatus
DA:335,0
DA:336,0
DA:343,1
FN:343,MatchEscrow.adminVoidMatch
FNDA:1,MatchEscrow.adminVoidMatch
DA:344,1
DA:345,1
BRDA:345,44,0,-
BRDA:345,44,1,1
DA:347,1
DA:350,1
BRDA:350,45,0,1
DA:351,1
DA:353,1
BRDA:353,46,0,-
DA:354,0
DA:357,1
DA:364,0
FN:364,MatchEscrow.withdraw
FNDA:0,MatchEscrow.withdraw
DA:365,0
DA:366,0
BRDA:366,47,0,-
BRDA:366,47,1,-
DA:367,0
DA:368,0
DA:369,0
BRDA:369,48,0,-
BRDA:369,48,1,-
DA:377,6
FN:377,MatchEscrow._safeTransfer
FNDA:6,MatchEscrow._safeTransfer
DA:378,6
BRDA:378,49,0,6
DA:379,6
DA:380,6
BRDA:380,50,0,-
DA:381,0
DA:382,0
FNF:19
FNH:12
LF:172
LH:121
BRF:95
BRH:48
end_of_record
TN:
SF:src/games/RPS.sol
DA:9,28
FN:9,RPS.resolveRound
FNDA:28,RPS.resolveRound
DA:10,28
BRDA:10,0,0,11
DA:11,11
DA:15,17
BRDA:15,1,0,2
DA:16,2
DA:18,15
BRDA:18,2,0,2
DA:19,2
DA:23,13
BRDA:23,3,0,3
DA:24,3
DA:26,10
BRDA:26,4,0,3
DA:27,3
DA:31,7
BRDA:31,5,0,3
DA:32,3
DA:34,4
BRDA:34,6,0,2
DA:35,2
DA:38,2
DA:41,2
FN:41,RPS.gameType
FNDA:2,RPS.gameType
DA:42,2
DA:45,25
FN:45,RPS.isValidMove
FNDA:25,RPS.isValidMove
DA:46,25
DA:49,0
FN:49,RPS.moveName
FNDA:0,RPS.moveName
DA:50,0
BRDA:50,7,0,-
DA:51,0
BRDA:51,8,0,-
DA:52,0
BRDA:52,9,0,-
DA:53,0
FNF:4
FNH:3
LF:25
LH:20
BRF:10
BRH:7
end_of_record
